Build started 1/7/2019 11:13:19 AM.
     1>Project "S:\apps\dual_test\FionaVideo\FionaVideo.vcxproj" on node 2 (Build target(s)).
     1>ClCompile:
         C:\Program Files (x86)\Microsoft Visual Studio 12.0\VC\bin\x86_amd64\CL.exe /c /I..\FionaLib /I..\FionaLib\include /I.\ /ISDK\ffmpeg\include /Zi /nologo /W3 /WX- /O2 /Oi /GL /D WIN32 /D NDEBUG /D _WINDOWS /D _MBCS /Gm- /EHsc /MD /GS /Gy /fp:precise /Zc:wchar_t /Zc:forScope /Fo"x64\Release\\" /Fd"x64\Release\vc120.pdb" /Gd /TP /errorReport:prompt FionaVideoManager.cpp VideoObject.cpp main.cpp
         FionaVideoManager.cpp
     1>s:\apps\dual_test\fionavideo\videoPlayer.h(39): warning C4005: 'NUM_BUFFERS' : macro redefinition
                 s:\apps\dual_test\fionavideo\mediaDecoder.h(15) : see previous definition of 'NUM_BUFFERS'
     1>s:\apps\dual_test\fionavideo\FionaVideoManager.h(74): warning C4267: 'return' : conversion from 'size_t' to 'int', possible loss of data
         VideoObject.cpp
     1>s:\apps\dual_test\fionavideo\videoPlayer.h(39): warning C4005: 'NUM_BUFFERS' : macro redefinition
                 s:\apps\dual_test\fionavideo\mediaDecoder.h(15) : see previous definition of 'NUM_BUFFERS'
     1>VideoObject.cpp(93): warning C4244: '=' : conversion from 'double' to 'unsigned int', possible loss of data
     1>VideoObject.cpp(125): warning C4996: 'strcpy': This function or variable may be unsafe. Consider using strcpy_s instead. To disable deprecation, use _CRT_SECURE_NO_WARNINGS. See online help for details.
                 C:\Program Files (x86)\Microsoft Visual Studio 12.0\VC\include\string.h(112) : see declaration of 'strcpy'
     1>VideoObject.cpp(448): warning C4244: 'argument' : conversion from 'double' to 'const int', possible loss of data
         main.cpp
     1>s:\apps\dual_test\fionavideo\videoPlayer.h(39): warning C4005: 'NUM_BUFFERS' : macro redefinition
                 s:\apps\dual_test\fionavideo\mediaDecoder.h(15) : see previous definition of 'NUM_BUFFERS'
     1>s:\apps\dual_test\fionavideo\FionaVideoManager.h(74): warning C4267: 'return' : conversion from 'size_t' to 'int', possible loss of data
     1>main.cpp(555): warning C4101: 'key' : unreferenced local variable
     1>main.cpp(556): warning C4101: 'version' : unreferenced local variable
       Link:
         C:\Program Files (x86)\Microsoft Visual Studio 12.0\VC\bin\x86_amd64\link.exe /ERRORREPORT:PROMPT /OUT:"S:\apps\dual_test\FionaVideo\x64\Release\FionaVideo.exe" /INCREMENTAL:NO /NOLOGO /LIBPATH:..\FionaLib\lib64 /LIBPATH:.\SDK\lib64 OpenAL32.lib xinput.lib zspaceApi64.lib Leap.lib FionaLib.lib vrpn.lib glew32s.lib glut32.lib avcodec.lib avformat.lib avutil.lib kernel32.lib user32.lib gdi32.lib winspool.lib comdlg32.lib advapi32.lib shell32.lib ole32.lib oleaut32.lib uuid.lib odbc32.lib odbccp32.lib /NODEFAULTLIB:libcmt.lib /MANIFEST /MANIFESTUAC:"level='asInvoker' uiAccess='false'" /manifest:embed /DEBUG /PDB:"S:\apps\dual_test\FionaVideo\x64\Release\FionaVideo.pdb" /SUBSYSTEM:CONSOLE /OPT:NOREF /OPT:ICF /TLBID:1 /DYNAMICBASE /NXCOMPAT /IMPLIB:"S:\apps\dual_test\FionaVideo\x64\Release\FionaVideo.lib" /MACHINE:X64 x64\Release\audioPlayer.obj
         x64\Release\FionaVideoManager.obj
         x64\Release\gettimeofday.obj
         x64\Release\main.obj
         x64\Release\mediaDecoder.obj
         x64\Release\VideoObject.obj
         x64\Release\videoPlayer.obj
         audioPlayer.obj : MSIL .netmodule or module compiled with /GL found; restarting link with /LTCG; add /LTCG to the link command line to improve linker performance
         Generating code
     1>s:\apps\dual_test\fionavideo\mediadecoder.cpp(339): warning C4715: 'mediaDecoder::reopenFile' : not all control paths return a value
     1>s:\apps\dual_test\fionavideo\mediadecoder.cpp(926): warning C4715: 'mediaDecoder::getDuration' : not all control paths return a value
         Finished generating code
     1>FionaVideoManager.obj : warning LNK4049: locally defined symbol __glewGetUniformLocation imported
     1>FionaVideoManager.obj : warning LNK4049: locally defined symbol __glewAttachShader imported
     1>FionaVideoManager.obj : warning LNK4049: locally defined symbol __glewUniform1i imported
     1>FionaVideoManager.obj : warning LNK4049: locally defined symbol __glewCreateProgram imported
     1>FionaVideoManager.obj : warning LNK4049: locally defined symbol __glewGetProgramInfoLog imported
     1>FionaVideoManager.obj : warning LNK4049: locally defined symbol __glewGetShaderiv imported
     1>FionaVideoManager.obj : warning LNK4049: locally defined symbol __glewGetProgramiv imported
     1>FionaVideoManager.obj : warning LNK4049: locally defined symbol __glewUniform2f imported
     1>FionaVideoManager.obj : warning LNK4049: locally defined symbol __glewShaderSource imported
     1>FionaVideoManager.obj : warning LNK4049: locally defined symbol __glewUseProgram imported
     1>FionaVideoManager.obj : warning LNK4049: locally defined symbol __glewCompileShader imported
     1>FionaVideoManager.obj : warning LNK4049: locally defined symbol __glewLinkProgram imported
     1>FionaVideoManager.obj : warning LNK4049: locally defined symbol glewInit imported
     1>FionaVideoManager.obj : warning LNK4049: locally defined symbol __glewGetShaderInfoLog imported
     1>FionaVideoManager.obj : warning LNK4049: locally defined symbol __glewCreateShader imported
     1>videoPlayer.obj : warning LNK4049: locally defined symbol __glewGenBuffersARB imported
     1>videoPlayer.obj : warning LNK4049: locally defined symbol __glewBufferData imported
     1>videoPlayer.obj : warning LNK4049: locally defined symbol __glewDeleteProgramsARB imported
     1>videoPlayer.obj : warning LNK4049: locally defined symbol __glewMapBuffer imported
     1>videoPlayer.obj : warning LNK4049: locally defined symbol __glewDeleteBuffersARB imported
     1>videoPlayer.obj : warning LNK4049: locally defined symbol __glewBindProgramARB imported
     1>videoPlayer.obj : warning LNK4049: locally defined symbol __glewActiveTexture imported
     1>videoPlayer.obj : warning LNK4049: locally defined symbol __glewUnmapBuffer imported
     1>videoPlayer.obj : warning LNK4049: locally defined symbol __glewBindBuffer imported
     1>glew32s.lib(glew.obj) : warning LNK4204: 'S:\apps\dual_test\FionaVideo\x64\Release\vc120.pdb' is missing debugging information for referencing module; linking object as if no debug info
         FionaVideo.vcxproj -> S:\apps\dual_test\FionaVideo\x64\Release\FionaVideo.exe
     1>Done Building Project "S:\apps\dual_test\FionaVideo\FionaVideo.vcxproj" (Build target(s)).

Build succeeded.

Time Elapsed 00:00:19.90
